<?xml version="1.0" encoding="UTF-8"?>
<!-- Generated by org.testng.reporters.JUnitXMLReporter -->
<testsuite ignored="0" hostname="DESKTOP-OJKIDG6" failures="0" tests="6" name="Product info Page Test" time="55.577" errors="0" timestamp="2024-10-15T18:06:07 IST">
  <testcase classname="com.qa.opencart.pages.test.ProductInfoPageTest" name="addToCartTest" time="9.462"/>
  <testcase classname="com.qa.opencart.pages.test.ProductInfoPageTest" name="productImagesCountTest" time="4.406"/>
  <testcase classname="com.qa.opencart.pages.test.ProductInfoPageTest" name="productImagesCountTest" time="4.062"/>
  <testcase classname="com.qa.opencart.pages.test.ProductInfoPageTest" name="productImagesCountTest" time="5.175"/>
  <testcase classname="com.qa.opencart.pages.test.ProductInfoPageTest" name="productImagesCountTest" time="4.932"/>
  <testcase classname="com.qa.opencart.pages.test.ProductInfoPageTest" name="productInfoTest" time="6.006"/>
</testsuite> <!-- Product info Page Test -->
