<?xml version="1.0" encoding="UTF-8"?>
<!-- Generated by org.testng.reporters.JUnitXMLReporter -->
<testsuite ignored="0" hostname="DESKTOP-OJKIDG6" failures="0" tests="3" name="Register Page Test" time="72.189" errors="0" timestamp="2024-10-15T18:06:24 IST">
  <testcase classname="com.qa.opencart.pages.test.RegisterPageTest" name="userRegTest" time="15.304"/>
  <testcase classname="com.qa.opencart.pages.test.RegisterPageTest" name="userRegTest" time="11.442"/>
  <testcase classname="com.qa.opencart.pages.test.RegisterPageTest" name="userRegTest" time="11.243"/>
</testsuite> <!-- Register Page Test -->
